\BOOKMARK [-1][-]{part.1}{I\040Special\040Relativity}{}% 1
\BOOKMARK [0][-]{chapter.1}{Special\040Relativity}{part.1}% 2
\BOOKMARK [0][-]{chapter.2}{Special\040Relativity\040-\040Notes}{part.1}% 3
\BOOKMARK [1][-]{section.2.1}{Dynamics}{chapter.2}% 4
\BOOKMARK [2][-]{subsection.2.1.1}{Lagrangian\040approach}{section.2.1}% 5
\BOOKMARK [1][-]{section.2.2}{Electromagnetism}{chapter.2}% 6
\BOOKMARK [2][-]{subsection.2.2.1}{Classical\040electromagnetic\040theory}{section.2.2}% 7
\BOOKMARK [3][-]{subsubsection*.3}{Maxwell\040equations}{subsection.2.2.1}% 8
\BOOKMARK [3][-]{subsubsection*.4}{Electromagnetic\040potentials}{subsection.2.2.1}% 9
\BOOKMARK [3][-]{subsubsection*.5}{Lorentz\040force}{subsection.2.2.1}% 10
\BOOKMARK [2][-]{subsection.2.2.2}{Electromagnetic\040potential}{section.2.2}% 11
\BOOKMARK [2][-]{subsection.2.2.3}{Electromagnetic\040field\040and\040electromagnetic\040field\040equations}{section.2.2}% 12
\BOOKMARK [2][-]{subsection.2.2.4}{Point\040particle\040in\040electromagnetic\040field}{section.2.2}% 13
\BOOKMARK [2][-]{subsection.2.2.5}{Energy\040balance}{section.2.2}% 14
\BOOKMARK [-1][-]{part.2}{II\040General\040Relativity}{}% 15
\BOOKMARK [0][-]{chapter.3}{General\040Relativity}{part.2}% 16
\BOOKMARK [0][-]{chapter.4}{General\040Relativity\040-\040Notes}{part.2}% 17
\BOOKMARK [-1][-]{part.3}{III\040Statistical\040Mechanics}{}% 18
\BOOKMARK [0][-]{chapter.5}{Statistical\040Physics}{part.3}% 19
\BOOKMARK [0][-]{chapter.6}{Statistical\040Physics\040-\040Notes}{part.3}% 20
\BOOKMARK [-1][-]{part.4}{IV\040Quantum\040Mechanics}{}% 21
\BOOKMARK [0][-]{chapter.7}{Quantum\040Mechanics}{part.4}% 22
\BOOKMARK [1][-]{section.7.1}{Mathematical\040tools\040for\040quantum\040mechanics}{chapter.7}% 23
\BOOKMARK [1][-]{section.7.2}{Postulates\040of\040Quantum\040Mechanics}{chapter.7}% 24
\BOOKMARK [1][-]{section.7.3}{Non-relativistic\040Mechanics}{chapter.7}% 25
\BOOKMARK [2][-]{subsection.7.3.1}{Statistical\040Interpretation\040and\040Measurement}{section.7.3}% 26
\BOOKMARK [3][-]{subsubsection*.6}{Wave\040function}{subsection.7.3.1}% 27
\BOOKMARK [3][-]{subsubsection*.7}{Operators\040and\040Observables}{subsection.7.3.1}% 28
\BOOKMARK [3][-]{subsubsection*.8}{Space\040Representation}{subsection.7.3.1}% 29
\BOOKMARK [3][-]{subsubsection*.9}{Momentum\040Representation}{subsection.7.3.1}% 30
\BOOKMARK [3][-]{subsubsection*.10}{From\040position\040to\040momentum\040representation}{subsection.7.3.1}% 31
\BOOKMARK [2][-]{subsection.7.3.2}{Schrodinger\040Equation}{section.7.3}% 32
\BOOKMARK [3][-]{subsubsection*.11}{Stationary\040States}{subsection.7.3.2}% 33
\BOOKMARK [3][-]{subsubsection*.12}{Pictures}{subsection.7.3.2}% 34
\BOOKMARK [4][-]{paragraph*.13}{Schrodinger}{subsubsection*.12}% 35
\BOOKMARK [4][-]{paragraph*.14}{Heisenberg}{subsubsection*.12}% 36
\BOOKMARK [4][-]{paragraph*.15}{Interaction}{subsubsection*.12}% 37
\BOOKMARK [2][-]{subsection.7.3.3}{Matrix\040Mechanics}{section.7.3}% 38
\BOOKMARK [3][-]{subsubsection*.16}{Attualization\040of\0401925\040papers}{subsection.7.3.3}% 39
\BOOKMARK [2][-]{subsection.7.3.4}{Heisenberg Uncertainty “principle”}{section.7.3}% 40
\BOOKMARK [1][-]{section.7.4}{Many-body\040problem}{chapter.7}% 41
\BOOKMARK [0][-]{chapter.8}{Quantum\040Mechanics\040-\040Notes}{part.4}% 42
\BOOKMARK [0][-]{section*.17}{Proof\040Index}{part.4}% 43
